<?xml version="1.0" encoding="UTF-8"?>
<!-- Generated by org.testng.reporters.JUnitReportReporter -->
<testsuite hostname="DESKTOP-9UT4DF8" name="com.test.Verify_login" tests="1" failures="0" timestamp="22 Jun 2021 03:29:14 GMT" time="32.352" errors="0">
  <testcase name="verifylogin" time="32.352" classname="com.test.Verify_login"/>
</testsuite> <!-- com.test.Verify_login -->
