<?xml version="1.0" encoding="UTF-8"?>
<!-- Generated by org.testng.reporters.JUnitReportReporter -->
<testsuite hostname="DESKTOP-9UT4DF8" name="com.test.Verify_addpro" tests="1" failures="0" timestamp="22 Jun 2021 03:49:22 GMT" time="45.481" errors="0">
  <testcase name="verifylogin" time="45.481" classname="com.test.Verify_addpro"/>
</testsuite> <!-- com.test.Verify_addpro -->
